Drill report for /home/alex/PCB/HB-UNI-Sen-WEA/HB-UNI-Sen-WEA.kicad_pcb
Created on Mi 08 Aug 2018 13:22:03 CEST

Copper Layer Stackup:
    =============================================================
    L1 :  F.Cu                      front
    L2 :  B.Cu                      back


Drill file 'HB-UNI-Sen-WEA-PTH.drl' contains
    plated through holes:
    =============================================================
    T1  0,40mm  0,016"  (8 holes)
    T2  0,75mm  0,030"  (3 holes)
    T3  0,80mm  0,031"  (22 holes)
    T4  1,00mm  0,039"  (69 holes)
    T5  1,10mm  0,043"  (4 holes)

    Total plated holes count 106


Drill file 'HB-UNI-Sen-WEA-NPTH.drl' contains
    unplated through holes:
    =============================================================
    T1  2,20mm  0,087"  (2 holes)

    Total unplated holes count 2
